Unity Editor version:    2020.3.24f1 (79c78de19888)
Branch:                  2020.3/staging
Build type:              Release
Batch mode:              YES
macOS version:           Version 12.0.1 (Build 21A559)
Darwin version:          21.1.0
Architecture:            x86_64
Running under Rosetta:   NO
Available memory:        32768 MB
Using pre-set license
Pro License: NO

COMMAND LINE ARGUMENTS:
/Applications/2020.3.24f1/Unity.app/Contents/MacOS/Unity
-adb2
-batchMode
-noUpm
-name
AssetImportWorker0
-projectPath
/Users/jiechen/Documents/Unity/UnityShaderNotes
-logFile
Logs/AssetImportWorker0.log
-srvPort
57575
Successfully changed project path to: /Users/jiechen/Documents/Unity/UnityShaderNotes
/Users/jiechen/Documents/Unity/UnityShaderNotes
Using Asset Import Pipeline V2.
Refreshing native plugins compatible for Editor in 30.84 ms, found 2 plugins.
Preloading 0 native plugins for Editor in 0.00 ms.
Initialize engine version: 2020.3.24f1 (79c78de19888)
[Subsystems] Discovering subsystems at path /Applications/2020.3.24f1/Unity.app/Contents/Resources/UnitySubsystems
[Subsystems] Discovering subsystems at path /Users/jiechen/Documents/Unity/UnityShaderNotes/Assets
GfxDevice: creating device client; threaded=0
2022-01-27 19:33:17.352 Unity[82287:20535403] CB342CK preferred device: Intel(R) UHD Graphics 630 (low power)
2022-01-27 19:33:17.352 Unity[82287:20535403] Metal devices available: 1
2022-01-27 19:33:17.352 Unity[82287:20535403] 0: Intel(R) UHD Graphics 630 (low power)
2022-01-27 19:33:17.352 Unity[82287:20535403] Using device Intel(R) UHD Graphics 630 (low power)
Initializing Metal device caps: Intel(R) UHD Graphics 630
Initialize mono
Mono path[0] = '/Applications/2020.3.24f1/Unity.app/Contents/Managed'
Mono path[1] = '/Applications/2020.3.24f1/Unity.app/Contents/MonoBleedingEdge/lib/mono/unityjit'
Mono config path = '/Applications/2020.3.24f1/Unity.app/Contents/MonoBleedingEdge/etc'
Using monoOptions --debugger-agent=transport=dt_socket,embedding=1,server=y,suspend=n,address=127.0.0.1:56287
Begin MonoManager ReloadAssembly
Registering precompiled unity dll's ...
Register platform support module: /Applications/2020.3.24f1/Unity.app/Contents/PlaybackEngines/MacStandaloneSupport/UnityEditor.OSXStandalone.Extensions.dll
Registered in 0.002244 seconds.
Native extension for OSXStandalone target not found
Refreshing native plugins compatible for Editor in 28.98 ms, found 2 plugins.
Preloading 0 native plugins for Editor in 0.00 ms.
Mono: successfully reloaded assembly
- Completed reload, in  0.614 seconds
Domain Reload Profiling:
	ReloadAssembly (615ms)
		BeginReloadAssembly (36ms)
			ExecutionOrderSort (0ms)
			DisableScriptedObjects (0ms)
			BackupInstance (0ms)
			ReleaseScriptingObjects (0ms)
			CreateAndSetChildDomain (1ms)
		EndReloadAssembly (502ms)
			LoadAssemblies (37ms)
			RebuildTransferFunctionScriptingTraits (0ms)
			SetupTypeCache (180ms)
			ReleaseScriptCaches (0ms)
			RebuildScriptCaches (37ms)
			SetupLoadedEditorAssemblies (198ms)
				LogAssemblyErrors (0ms)
				InitializePlatformSupportModulesInManaged (5ms)
				SetLoadedEditorAssemblies (0ms)
				RefreshPlugins (29ms)
				BeforeProcessingInitializeOnLoad (29ms)
				ProcessInitializeOnLoadAttributes (104ms)
				ProcessInitializeOnLoadMethodAttributes (30ms)
				AfterProcessingInitializeOnLoad (0ms)
				EditorAssembliesLoaded (0ms)
			ExecutionOrderSort2 (0ms)
			AwakeInstancesAfterBackupRestoration (0ms)
Platform modules already initialized, skipping
Registering precompiled user dll's ...
Registered in 0.008426 seconds.
Begin MonoManager ReloadAssembly
Native extension for OSXStandalone target not found
Refreshing native plugins compatible for Editor in 0.32 ms, found 2 plugins.
Preloading 0 native plugins for Editor in 0.00 ms.
Mono: successfully reloaded assembly
- Completed reload, in  1.077 seconds
Domain Reload Profiling:
	ReloadAssembly (1078ms)
		BeginReloadAssembly (142ms)
			ExecutionOrderSort (0ms)
			DisableScriptedObjects (5ms)
			BackupInstance (0ms)
			ReleaseScriptingObjects (0ms)
			CreateAndSetChildDomain (23ms)
		EndReloadAssembly (872ms)
			LoadAssemblies (84ms)
			RebuildTransferFunctionScriptingTraits (0ms)
			SetupTypeCache (319ms)
			ReleaseScriptCaches (0ms)
			RebuildScriptCaches (50ms)
			SetupLoadedEditorAssemblies (305ms)
				LogAssemblyErrors (0ms)
				InitializePlatformSupportModulesInManaged (4ms)
				SetLoadedEditorAssemblies (1ms)
				RefreshPlugins (0ms)
				BeforeProcessingInitializeOnLoad (71ms)
				ProcessInitializeOnLoadAttributes (214ms)
				ProcessInitializeOnLoadMethodAttributes (13ms)
				AfterProcessingInitializeOnLoad (1ms)
				EditorAssembliesLoaded (0ms)
			ExecutionOrderSort2 (0ms)
			AwakeInstancesAfterBackupRestoration (7ms)
Platform modules already initialized, skipping
Validating Project structure ... 0.002436 seconds.
Shader import version has changed; will reimport all shaders...
Upgrading shader files ...0.024269 seconds.
Application.AssetDatabase Initial Script Refresh Start
RefreshInfo: InitialScriptRefreshV2(NoUpdateAssetOptions) scanfilter:  ... 1 filters
RefreshProfiler: Total: 0.000ms
Application.AssetDatabase Initial Script Refresh End
Application.AssetDatabase.Refresh Start
Application.AssetDatabase.Refresh End
RefreshInfo: StopAssetImportingV2(ForceSynchronousImport) scanfilter: 
RefreshProfiler: Total: 0.000ms
Launching external process: /Applications/2020.3.24f1/Unity.app/Contents/Tools/UnityShaderCompiler
Launched and connected shader compiler UnityShaderCompiler after 0.01 seconds
Initializing Unity extensions:
2022-01-27 19:33:20.488 Unity[82287:20535403] NSEventModifierFlagFunction specified to -setKeyEquivalentModifierMask: for item <NSMenuItem: 0x600003944460 Font Asset, ke='Command-F12'>, but is only supported for system-provided menu items; will not be used
2022-01-27 19:33:20.491 Unity[82287:20535403] NSEventModifierFlagFunction specified to -setKeyEquivalentModifierMask: for item <NSMenuItem: 0x6000039613b0 Font Asset, ke='Command-F12'>, but is only supported for system-provided menu items; will not be used
========================================================================
Worker process is ready to serve import requests
Refreshing native plugins compatible for Editor in 0.31 ms, found 2 plugins.
Preloading 0 native plugins for Editor in 0.00 ms.
Unloading 1549 Unused Serialized files (Serialized files now loaded: 0)
System memory in use before: 219.5 MB.
System memory in use after: 219.3 MB.

Unloading 88 unused Assets to reduce memory usage. Loaded Objects now: 2041.
Total: 2.800765 ms (FindLiveObjects: 0.196268 ms CreateObjectMapping: 0.058799 ms MarkObjects: 2.324842 ms  DeleteObjects: 0.220009 ms)

AssetImportParameters requested are different than current active one (requested -> active):
  custom:video-decoder-ogg-theora: a1e56fd34408186e4bbccfd4996cb3dc -> 
  custom:container-muxer-webm: aa71ff27fc2769a1b78a27578f13a17b -> 
  custom:container-demuxer-webm: 4f35f7cbe854078d1ac9338744f61a02 -> 
  custom:container-demuxer-ogg: 62fdf1f143b41e24485cea50d1cbac27 -> 
  custom:video-encoder-webm-vp8: eb34c28f22e8b96e1ab97ce403110664 -> 
  custom:framework-osx-AVFoundation: e770b220cccbd017edd2c1fefb359320 -> 
  custom:video-decoder-webm-vp8: 9c59270c3fd7afecdb556c50c9e8de78 -> 
  custom:audio-decoder-ogg-vorbis: bf7c407c2cedff20999df2af8eb42d56 -> 
  custom:audio-encoder-webm-vorbis: bf7c407c2cedff20999df2af8eb42d56 -> 
========================================================================
Received Import Request.
  path: Assets/10. Noise
  artifactKey: Guid(185137e05448c4a9f8f70ab1c4ed5957) Importer(815301076,1909f56bfc062723c751e8b465ee728b)
Start importing Assets/10. Noise using Guid(185137e05448c4a9f8f70ab1c4ed5957) Importer(815301076,1909f56bfc062723c751e8b465ee728b)  -> (artifact id: '1c26bce3082aecc46cb2cd894bed71dd') in 0.003796 seconds 
  Import took 0.006979 seconds .

========================================================================
Received Import Request.
  Time since last request: 73.896195 seconds.
  path: Assets/10. Noise/Dissolve
  artifactKey: Guid(59abe96f935694070b7b40ffe0960dae) Importer(815301076,1909f56bfc062723c751e8b465ee728b)
Start importing Assets/10. Noise/Dissolve using Guid(59abe96f935694070b7b40ffe0960dae) Importer(815301076,1909f56bfc062723c751e8b465ee728b)  -> (artifact id: '10b60808bd3fba6f27e1f6aa9c4f5e9d') in 0.003352 seconds 
  Import took 0.007391 seconds .

========================================================================
Received Import Request.
  Time since last request: 90.464357 seconds.
  path: Assets/10. Noise/Dissolve/Dissovle.unity
  artifactKey: Guid(efa258045968f4d0eb4d223fa2f12254) Importer(815301076,1909f56bfc062723c751e8b465ee728b)
Start importing Assets/10. Noise/Dissolve/Dissovle.unity using Guid(efa258045968f4d0eb4d223fa2f12254) Importer(815301076,1909f56bfc062723c751e8b465ee728b)  -> (artifact id: '407a840384040c39ed3ec253c477a04a') in 0.012743 seconds 
  Import took 0.017116 seconds .

========================================================================
Received Import Request.
  Time since last request: 83.365145 seconds.
  path: Assets/10. Noise/Dissolve/DissolveMat.mat
  artifactKey: Guid(e93f7dd51e81f464f95fd63cc477d410) Importer(815301076,1909f56bfc062723c751e8b465ee728b)
Start importing Assets/10. Noise/Dissolve/DissolveMat.mat using Guid(e93f7dd51e81f464f95fd63cc477d410) Importer(815301076,1909f56bfc062723c751e8b465ee728b)  -> (artifact id: 'cb403cd34569ac791f029d040ad47fa8') in 0.788548 seconds 
  Import took 0.795313 seconds .

========================================================================
Received Import Request.
  Time since last request: 14.149238 seconds.
  path: Assets/10. Noise/Dissolve/Dissovle.shader
  artifactKey: Guid(98c23381d64c9414c9418ae4816ee218) Importer(815301076,1909f56bfc062723c751e8b465ee728b)
Start importing Assets/10. Noise/Dissolve/Dissovle.shader using Guid(98c23381d64c9414c9418ae4816ee218) Importer(815301076,1909f56bfc062723c751e8b465ee728b)  -> (artifact id: '9098759b4b187ad1a7624e1f9ce077f0') in 0.099335 seconds 
  Import took 0.105191 seconds .

========================================================================
Received Import Request.
  Time since last request: 2453.107430 seconds.
  path: Assets/10. Noise/Dissolve/Dissovle.shader
  artifactKey: Guid(98c23381d64c9414c9418ae4816ee218) Importer(815301076,1909f56bfc062723c751e8b465ee728b)
Start importing Assets/10. Noise/Dissolve/Dissovle.shader using Guid(98c23381d64c9414c9418ae4816ee218) Importer(815301076,1909f56bfc062723c751e8b465ee728b)  -> (artifact id: '39dafffdc3406aae88834227853724c4') in 0.005418 seconds 
  Import took 0.009268 seconds .

========================================================================
Received Import Request.
  Time since last request: 924.793654 seconds.
  path: Assets/4. Light And Shadows/AlphaTestShadows.shader
  artifactKey: Guid(34e6038db1dca4b32b824a9f47629be7) Importer(815301076,1909f56bfc062723c751e8b465ee728b)
Start importing Assets/4. Light And Shadows/AlphaTestShadows.shader using Guid(34e6038db1dca4b32b824a9f47629be7) Importer(815301076,1909f56bfc062723c751e8b465ee728b)  -> (artifact id: 'c3b8cfca8859f6bedfc413ad9a379304') in 0.004382 seconds 
  Import took 0.008581 seconds .

========================================================================
Received Import Request.
  Time since last request: 11.078005 seconds.
  path: Assets/4. Light And Shadows/AttenAndShadowBuildIn.shader
  artifactKey: Guid(dd5144b95194e4796853c5b10187f63d) Importer(815301076,1909f56bfc062723c751e8b465ee728b)
Start importing Assets/4. Light And Shadows/AttenAndShadowBuildIn.shader using Guid(dd5144b95194e4796853c5b10187f63d) Importer(815301076,1909f56bfc062723c751e8b465ee728b)  -> (artifact id: 'ac3d9c711cf92f8724783a7b38b5d00d') in 0.005491 seconds 
  Import took 0.009163 seconds .

========================================================================
Received Import Request.
  Time since last request: 2712.788363 seconds.
  path: Assets/10. Noise/Dissolve/10575-bump.jpg
  artifactKey: Guid(f1c98175408684613898717e8ada9848) Importer(815301076,1909f56bfc062723c751e8b465ee728b)
Start importing Assets/10. Noise/Dissolve/10575-bump.jpg using Guid(f1c98175408684613898717e8ada9848) Importer(815301076,1909f56bfc062723c751e8b465ee728b)  -> (artifact id: '7145ebac4e6fb8263af2382980934a7f') in 0.991071 seconds 
  Import took 0.997864 seconds .

========================================================================
Received Import Request.
  Time since last request: 73.818038 seconds.
  path: Assets/10. Noise/Dissolve/DissolveMat.mat
  artifactKey: Guid(e93f7dd51e81f464f95fd63cc477d410) Importer(815301076,1909f56bfc062723c751e8b465ee728b)
Start importing Assets/10. Noise/Dissolve/DissolveMat.mat using Guid(e93f7dd51e81f464f95fd63cc477d410) Importer(815301076,1909f56bfc062723c751e8b465ee728b)  -> (artifact id: '6bbbe7cd9bdd89f472fa228baee1069b') in 0.153804 seconds 
  Import took 0.168570 seconds .

========================================================================
Received Import Request.
  Time since last request: 120.648017 seconds.
  path: Assets/10. Noise/Dissolve/crate1_diffuse.png
  artifactKey: Guid(6262a476111eb489988d6b15b5074eb7) Importer(815301076,1909f56bfc062723c751e8b465ee728b)
Start importing Assets/10. Noise/Dissolve/crate1_diffuse.png using Guid(6262a476111eb489988d6b15b5074eb7) Importer(815301076,1909f56bfc062723c751e8b465ee728b)  -> (artifact id: 'd94075adaa99043dbe4ae8cfdac3687b') in 0.985143 seconds 
  Import took 0.993403 seconds .

========================================================================
Received Import Request.
  Time since last request: 0.000232 seconds.
  path: Assets/10. Noise/Dissolve/crate1_normal.png
  artifactKey: Guid(eaaf027512a8f4e5f899b5164e27980e) Importer(815301076,1909f56bfc062723c751e8b465ee728b)
Start importing Assets/10. Noise/Dissolve/crate1_normal.png using Guid(eaaf027512a8f4e5f899b5164e27980e) Importer(815301076,1909f56bfc062723c751e8b465ee728b)  -> (artifact id: '49d9be4884b441814155d9dcecabb142') in 0.010771 seconds 
  Import took 0.013757 seconds .

========================================================================
Received Import Request.
  Time since last request: 5.524022 seconds.
  path: Assets/10. Noise/Dissolve/crate1_normal.png
  artifactKey: Guid(eaaf027512a8f4e5f899b5164e27980e) Importer(815301076,1909f56bfc062723c751e8b465ee728b)
Start importing Assets/10. Noise/Dissolve/crate1_normal.png using Guid(eaaf027512a8f4e5f899b5164e27980e) Importer(815301076,1909f56bfc062723c751e8b465ee728b)  -> (artifact id: 'ec67f8c18e06cd5f303dc2322cc1ff8a') in 0.027809 seconds 
  Import took 0.031481 seconds .

========================================================================
Received Import Request.
  Time since last request: 123.242596 seconds.
  path: Assets/10. Noise/Dissolve/DissolveMat.mat
  artifactKey: Guid(e93f7dd51e81f464f95fd63cc477d410) Importer(815301076,1909f56bfc062723c751e8b465ee728b)
Start importing Assets/10. Noise/Dissolve/DissolveMat.mat using Guid(e93f7dd51e81f464f95fd63cc477d410) Importer(815301076,1909f56bfc062723c751e8b465ee728b)  -> (artifact id: '94bfa24df0678768e9108f7f8525457c') in 0.035293 seconds 
  Import took 0.039252 seconds .

AssetImportWorkerClient::OnTransportError - code=2 error=End of file
